<?xml version="1.0" encoding="UTF-8"?>
<!-- Generated by org.testng.reporters.JUnitReportReporter -->
<testsuite hostname="LAPTOP-LQ6GVMLE" failures="0" tests="1" name="RahulShettyAcademy.ExtentReports" time="3.115" errors="0" timestamp="2025-08-18T23:14:40 IST" skipped="0">
  <testcase classname="RahulShettyAcademy.ExtentReports" name="initialDemo" time="3.115"/>
</testsuite> <!-- RahulShettyAcademy.ExtentReports -->
