<?xml version="1.0" encoding="UTF-8"?>
<!-- Generated by org.testng.reporters.JUnitReportReporter -->
<testsuite hostname="LAPTOP-LQ6GVMLE" failures="0" tests="1" name="TestngDemo.Demo" time="0.010" errors="0" timestamp="2025-08-12T22:48:29 IST" skipped="0">
  <testcase classname="TestngDemo.Demo" name="TestDemo" time="0.010"/>
</testsuite> <!-- TestngDemo.Demo -->
