<?xml version="1.0" encoding="UTF-8"?>
<!-- Generated by org.testng.reporters.JUnitReportReporter -->
<testsuite hostname="LAPTOP-LQ6GVMLE" failures="0" tests="5" name="TestngDemo.Dataprovidertest" time="0.016" errors="0" timestamp="2025-08-12T22:22:42 IST" skipped="0">
  <testcase classname="TestngDemo.Dataprovidertest" name="second" time="0.002"/>
  <testcase classname="TestngDemo.Dataprovidertest" name="third" time="0.002"/>
  <testcase classname="TestngDemo.Dataprovidertest" name="test" time="0.002"/>
  <testcase classname="TestngDemo.Dataprovidertest" name="second" time="0.009"/>
  <testcase classname="TestngDemo.Dataprovidertest" name="second" time="0.001"/>
</testsuite> <!-- TestngDemo.Dataprovidertest -->
