<?xml version="1.0" encoding="UTF-8"?>
<!-- Generated by org.testng.reporters.JUnitReportReporter -->
<testsuite hostname="LAPTOP-LQ6GVMLE" failures="0" tests="1" name="TestNG.SampleTestng" time="0.013" errors="0" timestamp="2025-08-11T00:11:50 IST" skipped="0">
  <testcase classname="TestNG.SampleTestng" name="sample" time="0.013"/>
</testsuite> <!-- TestNG.SampleTestng -->
