<?xml version="1.0" encoding="UTF-8"?>
<!-- Generated by org.testng.reporters.JUnitReportReporter -->
<testsuite hostname="LAPTOP-LQ6GVMLE" failures="0" tests="1" name="Demo_testng.Demo" time="0.011" errors="0" timestamp="2025-08-11T00:22:01 IST" skipped="0">
  <testcase classname="Demo_testng.Demo" name="DemoClass" time="0.011"/>
</testsuite> <!-- Demo_testng.Demo -->
