<?xml version="1.0" encoding="UTF-8"?>
<!-- Generated by org.testng.reporters.JUnitReportReporter -->
<testsuite hostname="LAPTOP-LQ6GVMLE" failures="0" tests="1" name="FlipkartTest.YoutubeTest" time="2.644" errors="0" timestamp="2025-08-29T22:23:21 IST" skipped="0">
  <testcase classname="FlipkartTest.YoutubeTest" name="Initial" time="2.644"/>
</testsuite> <!-- FlipkartTest.YoutubeTest -->
